Analysis & Elaboration report for BUTTERFLY_CORE
Sun Jan 17 14:21:39 2021
Quartus Prime Version 20.1.0 Build 711 06/05/2020 SJ Lite Edition


---------------------
; Table of Contents ;
---------------------
  1. Legal Notice
  2. Analysis & Elaboration Summary
  3. Parallel Compilation
  4. Parameter Settings for User Entity Instance: Top-level Entity: |BUTTERFLY_CORE
  5. Parameter Settings for User Entity Instance: DATAPATH:eu
  6. Parameter Settings for User Entity Instance: DATAPATH:eu|MUX_4_TO_1:MUX0
  7. Parameter Settings for User Entity Instance: DATAPATH:eu|MUX_2_TO_1:MUX1
  8. Parameter Settings for User Entity Instance: DATAPATH:eu|MUX_3_TO_1:MUX2
  9. Parameter Settings for User Entity Instance: DATAPATH:eu|REG:REG_0
 10. Parameter Settings for User Entity Instance: DATAPATH:eu|REG:REG_1
 11. Parameter Settings for User Entity Instance: DATAPATH:eu|REG:REG_2
 12. Parameter Settings for User Entity Instance: DATAPATH:eu|REG:REG_3
 13. Parameter Settings for User Entity Instance: DATAPATH:eu|REG:REG_4
 14. Parameter Settings for User Entity Instance: DATAPATH:eu|REG:REG_5
 15. Parameter Settings for User Entity Instance: DATAPATH:eu|REG:REG_6
 16. Parameter Settings for User Entity Instance: DATAPATH:eu|REG:REG_7
 17. Parameter Settings for User Entity Instance: DATAPATH:eu|MULTIPLIER:MULT
 18. Parameter Settings for User Entity Instance: DATAPATH:eu|SWAP:SWAP_BLOCK
 19. Parameter Settings for User Entity Instance: DATAPATH:eu|ADDER_SUBTRACTOR:ADDER_SUB
 20. Parameter Settings for User Entity Instance: DATAPATH:eu|ROUND_TO_NEAREST_EVEN:ROUNDING
 21. Parameter Settings for User Entity Instance: LATE_STATUS:cu|MUX_2_TO_1_IR:MUX
 22. Analysis & Elaboration Settings
 23. Port Connectivity Checks: "LATE_STATUS:cu|REG_uIR:uIR"
 24. Port Connectivity Checks: "LATE_STATUS:cu|REG_uAR:uAR"
 25. Port Connectivity Checks: "DATAPATH:eu|MULTIPLIER:MULT"
 26. Port Connectivity Checks: "DATAPATH:eu|MUX_3_TO_1:MUX2"
 27. Analysis & Elaboration Messages



----------------
; Legal Notice ;
----------------
Copyright (C) 2020  Intel Corporation. All rights reserved.
Your use of Intel Corporation's design tools, logic functions 
and other software and tools, and any partner logic 
functions, and any output files from any of the foregoing 
(including device programming or simulation files), and any 
associated documentation or information are expressly subject 
to the terms and conditions of the Intel Program License 
Subscription Agreement, the Intel Quartus Prime License Agreement,
the Intel FPGA IP License Agreement, or other applicable license
agreement, including, without limitation, that your use is for
the sole purpose of programming logic devices manufactured by
Intel and sold by Intel or its authorized distributors.  Please
refer to the applicable agreement for further details, at
https://fpgasoftware.intel.com/eula.



+-----------------------------------------------------------------------------+
; Analysis & Elaboration Summary                                              ;
+-------------------------------+---------------------------------------------+
; Analysis & Elaboration Status ; Successful - Sun Jan 17 14:21:39 2021       ;
; Quartus Prime Version         ; 20.1.0 Build 711 06/05/2020 SJ Lite Edition ;
; Revision Name                 ; BUTTERFLY_CORE                              ;
; Top-level Entity Name         ; BUTTERFLY_CORE                              ;
; Family                        ; Cyclone V                                   ;
; Logic utilization (in ALMs)   ; N/A until Partition Merge                   ;
; Total registers               ; N/A until Partition Merge                   ;
; Total pins                    ; N/A until Partition Merge                   ;
; Total virtual pins            ; N/A until Partition Merge                   ;
; Total block memory bits       ; N/A until Partition Merge                   ;
; Total PLLs                    ; N/A until Partition Merge                   ;
; Total DLLs                    ; N/A until Partition Merge                   ;
+-------------------------------+---------------------------------------------+


+------------------------------------------+
; Parallel Compilation                     ;
+----------------------------+-------------+
; Processors                 ; Number      ;
+----------------------------+-------------+
; Number detected on machine ; 4           ;
; Maximum allowed            ; 2           ;
;                            ;             ;
; Average used               ; 1.00        ;
; Maximum used               ; 1           ;
;                            ;             ;
; Usage by Processor         ; % Time Used ;
;     Processor 1            ; 100.0%      ;
+----------------------------+-------------+


+--------------------------------------------------------------------------------+
; Parameter Settings for User Entity Instance: Top-level Entity: |BUTTERFLY_CORE ;
+----------------+-------+-------------------------------------------------------+
; Parameter Name ; Value ; Type                                                  ;
+----------------+-------+-------------------------------------------------------+
; N              ; 20    ; Signed Integer                                        ;
+----------------+-------+-------------------------------------------------------+
Note: In order to hide this table in the UI and the text report file, please set the "Show Parameter Settings in Synthesis Report" option in "Analysis and Synthesis Settings -> More Settings" to "Off".


+----------------------------------------------------------+
; Parameter Settings for User Entity Instance: DATAPATH:eu ;
+----------------+-------+---------------------------------+
; Parameter Name ; Value ; Type                            ;
+----------------+-------+---------------------------------+
; n              ; 20    ; Signed Integer                  ;
+----------------+-------+---------------------------------+
Note: In order to hide this table in the UI and the text report file, please set the "Show Parameter Settings in Synthesis Report" option in "Analysis and Synthesis Settings -> More Settings" to "Off".


+--------------------------------------------------------------------------+
; Parameter Settings for User Entity Instance: DATAPATH:eu|MUX_4_TO_1:MUX0 ;
+----------------+-------+-------------------------------------------------+
; Parameter Name ; Value ; Type                                            ;
+----------------+-------+-------------------------------------------------+
; n              ; 20    ; Signed Integer                                  ;
+----------------+-------+-------------------------------------------------+
Note: In order to hide this table in the UI and the text report file, please set the "Show Parameter Settings in Synthesis Report" option in "Analysis and Synthesis Settings -> More Settings" to "Off".


+--------------------------------------------------------------------------+
; Parameter Settings for User Entity Instance: DATAPATH:eu|MUX_2_TO_1:MUX1 ;
+----------------+-------+-------------------------------------------------+
; Parameter Name ; Value ; Type                                            ;
+----------------+-------+-------------------------------------------------+
; n              ; 20    ; Signed Integer                                  ;
+----------------+-------+-------------------------------------------------+
Note: In order to hide this table in the UI and the text report file, please set the "Show Parameter Settings in Synthesis Report" option in "Analysis and Synthesis Settings -> More Settings" to "Off".


+--------------------------------------------------------------------------+
; Parameter Settings for User Entity Instance: DATAPATH:eu|MUX_3_TO_1:MUX2 ;
+----------------+-------+-------------------------------------------------+
; Parameter Name ; Value ; Type                                            ;
+----------------+-------+-------------------------------------------------+
; n              ; 40    ; Signed Integer                                  ;
+----------------+-------+-------------------------------------------------+
Note: In order to hide this table in the UI and the text report file, please set the "Show Parameter Settings in Synthesis Report" option in "Analysis and Synthesis Settings -> More Settings" to "Off".


+--------------------------------------------------------------------+
; Parameter Settings for User Entity Instance: DATAPATH:eu|REG:REG_0 ;
+----------------+-------+-------------------------------------------+
; Parameter Name ; Value ; Type                                      ;
+----------------+-------+-------------------------------------------+
; n              ; 20    ; Signed Integer                            ;
+----------------+-------+-------------------------------------------+
Note: In order to hide this table in the UI and the text report file, please set the "Show Parameter Settings in Synthesis Report" option in "Analysis and Synthesis Settings -> More Settings" to "Off".


+--------------------------------------------------------------------+
; Parameter Settings for User Entity Instance: DATAPATH:eu|REG:REG_1 ;
+----------------+-------+-------------------------------------------+
; Parameter Name ; Value ; Type                                      ;
+----------------+-------+-------------------------------------------+
; n              ; 39    ; Signed Integer                            ;
+----------------+-------+-------------------------------------------+
Note: In order to hide this table in the UI and the text report file, please set the "Show Parameter Settings in Synthesis Report" option in "Analysis and Synthesis Settings -> More Settings" to "Off".


+--------------------------------------------------------------------+
; Parameter Settings for User Entity Instance: DATAPATH:eu|REG:REG_2 ;
+----------------+-------+-------------------------------------------+
; Parameter Name ; Value ; Type                                      ;
+----------------+-------+-------------------------------------------+
; n              ; 40    ; Signed Integer                            ;
+----------------+-------+-------------------------------------------+
Note: In order to hide this table in the UI and the text report file, please set the "Show Parameter Settings in Synthesis Report" option in "Analysis and Synthesis Settings -> More Settings" to "Off".


+--------------------------------------------------------------------+
; Parameter Settings for User Entity Instance: DATAPATH:eu|REG:REG_3 ;
+----------------+-------+-------------------------------------------+
; Parameter Name ; Value ; Type                                      ;
+----------------+-------+-------------------------------------------+
; n              ; 20    ; Signed Integer                            ;
+----------------+-------+-------------------------------------------+
Note: In order to hide this table in the UI and the text report file, please set the "Show Parameter Settings in Synthesis Report" option in "Analysis and Synthesis Settings -> More Settings" to "Off".


+--------------------------------------------------------------------+
; Parameter Settings for User Entity Instance: DATAPATH:eu|REG:REG_4 ;
+----------------+-------+-------------------------------------------+
; Parameter Name ; Value ; Type                                      ;
+----------------+-------+-------------------------------------------+
; n              ; 20    ; Signed Integer                            ;
+----------------+-------+-------------------------------------------+
Note: In order to hide this table in the UI and the text report file, please set the "Show Parameter Settings in Synthesis Report" option in "Analysis and Synthesis Settings -> More Settings" to "Off".


+--------------------------------------------------------------------+
; Parameter Settings for User Entity Instance: DATAPATH:eu|REG:REG_5 ;
+----------------+-------+-------------------------------------------+
; Parameter Name ; Value ; Type                                      ;
+----------------+-------+-------------------------------------------+
; n              ; 20    ; Signed Integer                            ;
+----------------+-------+-------------------------------------------+
Note: In order to hide this table in the UI and the text report file, please set the "Show Parameter Settings in Synthesis Report" option in "Analysis and Synthesis Settings -> More Settings" to "Off".


+--------------------------------------------------------------------+
; Parameter Settings for User Entity Instance: DATAPATH:eu|REG:REG_6 ;
+----------------+-------+-------------------------------------------+
; Parameter Name ; Value ; Type                                      ;
+----------------+-------+-------------------------------------------+
; n              ; 20    ; Signed Integer                            ;
+----------------+-------+-------------------------------------------+
Note: In order to hide this table in the UI and the text report file, please set the "Show Parameter Settings in Synthesis Report" option in "Analysis and Synthesis Settings -> More Settings" to "Off".


+--------------------------------------------------------------------+
; Parameter Settings for User Entity Instance: DATAPATH:eu|REG:REG_7 ;
+----------------+-------+-------------------------------------------+
; Parameter Name ; Value ; Type                                      ;
+----------------+-------+-------------------------------------------+
; n              ; 20    ; Signed Integer                            ;
+----------------+-------+-------------------------------------------+
Note: In order to hide this table in the UI and the text report file, please set the "Show Parameter Settings in Synthesis Report" option in "Analysis and Synthesis Settings -> More Settings" to "Off".


+--------------------------------------------------------------------------+
; Parameter Settings for User Entity Instance: DATAPATH:eu|MULTIPLIER:MULT ;
+----------------+-------+-------------------------------------------------+
; Parameter Name ; Value ; Type                                            ;
+----------------+-------+-------------------------------------------------+
; n              ; 20    ; Signed Integer                                  ;
+----------------+-------+-------------------------------------------------+
Note: In order to hide this table in the UI and the text report file, please set the "Show Parameter Settings in Synthesis Report" option in "Analysis and Synthesis Settings -> More Settings" to "Off".


+--------------------------------------------------------------------------+
; Parameter Settings for User Entity Instance: DATAPATH:eu|SWAP:SWAP_BLOCK ;
+----------------+-------+-------------------------------------------------+
; Parameter Name ; Value ; Type                                            ;
+----------------+-------+-------------------------------------------------+
; n              ; 40    ; Signed Integer                                  ;
+----------------+-------+-------------------------------------------------+
Note: In order to hide this table in the UI and the text report file, please set the "Show Parameter Settings in Synthesis Report" option in "Analysis and Synthesis Settings -> More Settings" to "Off".


+-------------------------------------------------------------------------------------+
; Parameter Settings for User Entity Instance: DATAPATH:eu|ADDER_SUBTRACTOR:ADDER_SUB ;
+----------------+-------+------------------------------------------------------------+
; Parameter Name ; Value ; Type                                                       ;
+----------------+-------+------------------------------------------------------------+
; n              ; 40    ; Signed Integer                                             ;
+----------------+-------+------------------------------------------------------------+
Note: In order to hide this table in the UI and the text report file, please set the "Show Parameter Settings in Synthesis Report" option in "Analysis and Synthesis Settings -> More Settings" to "Off".


+-----------------------------------------------------------------------------------------+
; Parameter Settings for User Entity Instance: DATAPATH:eu|ROUND_TO_NEAREST_EVEN:ROUNDING ;
+----------------+-------+----------------------------------------------------------------+
; Parameter Name ; Value ; Type                                                           ;
+----------------+-------+----------------------------------------------------------------+
; n              ; 20    ; Signed Integer                                                 ;
+----------------+-------+----------------------------------------------------------------+
Note: In order to hide this table in the UI and the text report file, please set the "Show Parameter Settings in Synthesis Report" option in "Analysis and Synthesis Settings -> More Settings" to "Off".


+-------------------------------------------------------------------------------+
; Parameter Settings for User Entity Instance: LATE_STATUS:cu|MUX_2_TO_1_IR:MUX ;
+----------------+-------+------------------------------------------------------+
; Parameter Name ; Value ; Type                                                 ;
+----------------+-------+------------------------------------------------------+
; n              ; 22    ; Signed Integer                                       ;
+----------------+-------+------------------------------------------------------+
Note: In order to hide this table in the UI and the text report file, please set the "Show Parameter Settings in Synthesis Report" option in "Analysis and Synthesis Settings -> More Settings" to "Off".


+---------------------------------------------------------------------------------------------------------------------------+
; Analysis & Elaboration Settings                                                                                           ;
+---------------------------------------------------------------------------------+--------------------+--------------------+
; Option                                                                          ; Setting            ; Default Value      ;
+---------------------------------------------------------------------------------+--------------------+--------------------+
; Device                                                                          ; 5CGXFC7C7F23C8     ;                    ;
; Top-level entity name                                                           ; BUTTERFLY_CORE     ; BUTTERFLY_CORE     ;
; Family name                                                                     ; Cyclone V          ; Cyclone V          ;
; Use smart compilation                                                           ; Off                ; Off                ;
; Enable parallel Assembler and Timing Analyzer during compilation                ; On                 ; On                 ;
; Enable compact report table                                                     ; Off                ; Off                ;
; Restructure Multiplexers                                                        ; Auto               ; Auto               ;
; MLAB Add Timing Constraints For Mixed-Port Feed-Through Mode Setting Don't Care ; Off                ; Off                ;
; Create Debugging Nodes for IP Cores                                             ; Off                ; Off                ;
; Preserve fewer node names                                                       ; On                 ; On                 ;
; Intel FPGA IP Evaluation Mode                                                   ; Enable             ; Enable             ;
; Verilog Version                                                                 ; Verilog_2001       ; Verilog_2001       ;
; VHDL Version                                                                    ; VHDL_1993          ; VHDL_1993          ;
; State Machine Processing                                                        ; Auto               ; Auto               ;
; Safe State Machine                                                              ; Off                ; Off                ;
; Extract Verilog State Machines                                                  ; On                 ; On                 ;
; Extract VHDL State Machines                                                     ; On                 ; On                 ;
; Ignore Verilog initial constructs                                               ; Off                ; Off                ;
; Iteration limit for constant Verilog loops                                      ; 5000               ; 5000               ;
; Iteration limit for non-constant Verilog loops                                  ; 250                ; 250                ;
; Add Pass-Through Logic to Inferred RAMs                                         ; On                 ; On                 ;
; Infer RAMs from Raw Logic                                                       ; On                 ; On                 ;
; Parallel Synthesis                                                              ; On                 ; On                 ;
; DSP Block Balancing                                                             ; Auto               ; Auto               ;
; NOT Gate Push-Back                                                              ; On                 ; On                 ;
; Power-Up Don't Care                                                             ; On                 ; On                 ;
; Remove Redundant Logic Cells                                                    ; Off                ; Off                ;
; Remove Duplicate Registers                                                      ; On                 ; On                 ;
; Ignore CARRY Buffers                                                            ; Off                ; Off                ;
; Ignore CASCADE Buffers                                                          ; Off                ; Off                ;
; Ignore GLOBAL Buffers                                                           ; Off                ; Off                ;
; Ignore ROW GLOBAL Buffers                                                       ; Off                ; Off                ;
; Ignore LCELL Buffers                                                            ; Off                ; Off                ;
; Ignore SOFT Buffers                                                             ; On                 ; On                 ;
; Limit AHDL Integers to 32 Bits                                                  ; Off                ; Off                ;
; Optimization Technique                                                          ; Balanced           ; Balanced           ;
; Carry Chain Length                                                              ; 70                 ; 70                 ;
; Auto Carry Chains                                                               ; On                 ; On                 ;
; Auto Open-Drain Pins                                                            ; On                 ; On                 ;
; Perform WYSIWYG Primitive Resynthesis                                           ; Off                ; Off                ;
; Auto ROM Replacement                                                            ; On                 ; On                 ;
; Auto RAM Replacement                                                            ; On                 ; On                 ;
; Auto DSP Block Replacement                                                      ; On                 ; On                 ;
; Auto Shift Register Replacement                                                 ; Auto               ; Auto               ;
; Allow Shift Register Merging across Hierarchies                                 ; Auto               ; Auto               ;
; Auto Clock Enable Replacement                                                   ; On                 ; On                 ;
; Strict RAM Replacement                                                          ; Off                ; Off                ;
; Allow Synchronous Control Signals                                               ; On                 ; On                 ;
; Force Use of Synchronous Clear Signals                                          ; Off                ; Off                ;
; Auto Resource Sharing                                                           ; Off                ; Off                ;
; Allow Any RAM Size For Recognition                                              ; Off                ; Off                ;
; Allow Any ROM Size For Recognition                                              ; Off                ; Off                ;
; Allow Any Shift Register Size For Recognition                                   ; Off                ; Off                ;
; Use LogicLock Constraints during Resource Balancing                             ; On                 ; On                 ;
; Ignore translate_off and synthesis_off directives                               ; Off                ; Off                ;
; Timing-Driven Synthesis                                                         ; On                 ; On                 ;
; Report Parameter Settings                                                       ; On                 ; On                 ;
; Report Source Assignments                                                       ; On                 ; On                 ;
; Report Connectivity Checks                                                      ; On                 ; On                 ;
; Ignore Maximum Fan-Out Assignments                                              ; Off                ; Off                ;
; Synchronization Register Chain Length                                           ; 3                  ; 3                  ;
; Power Optimization During Synthesis                                             ; Normal compilation ; Normal compilation ;
; HDL message level                                                               ; Level2             ; Level2             ;
; Suppress Register Optimization Related Messages                                 ; Off                ; Off                ;
; Number of Removed Registers Reported in Synthesis Report                        ; 5000               ; 5000               ;
; Number of Swept Nodes Reported in Synthesis Report                              ; 5000               ; 5000               ;
; Number of Inverted Registers Reported in Synthesis Report                       ; 100                ; 100                ;
; Clock MUX Protection                                                            ; On                 ; On                 ;
; Auto Gated Clock Conversion                                                     ; Off                ; Off                ;
; Block Design Naming                                                             ; Auto               ; Auto               ;
; SDC constraint protection                                                       ; Off                ; Off                ;
; Synthesis Effort                                                                ; Auto               ; Auto               ;
; Shift Register Replacement - Allow Asynchronous Clear Signal                    ; On                 ; On                 ;
; Pre-Mapping Resynthesis Optimization                                            ; Off                ; Off                ;
; Analysis & Synthesis Message Level                                              ; Medium             ; Medium             ;
; Disable Register Merging Across Hierarchies                                     ; Auto               ; Auto               ;
; Resource Aware Inference For Block RAM                                          ; On                 ; On                 ;
; Automatic Parallel Synthesis                                                    ; On                 ; On                 ;
; Partial Reconfiguration Bitstream ID                                            ; Off                ; Off                ;
+---------------------------------------------------------------------------------+--------------------+--------------------+


+--------------------------------------------------------+
; Port Connectivity Checks: "LATE_STATUS:cu|REG_uIR:uIR" ;
+--------+-------+----------+----------------------------+
; Port   ; Type  ; Severity ; Details                    ;
+--------+-------+----------+----------------------------+
; enable ; Input ; Info     ; Stuck at VCC               ;
+--------+-------+----------+----------------------------+


+--------------------------------------------------------+
; Port Connectivity Checks: "LATE_STATUS:cu|REG_uAR:uAR" ;
+--------+-------+----------+----------------------------+
; Port   ; Type  ; Severity ; Details                    ;
+--------+-------+----------+----------------------------+
; enable ; Input ; Info     ; Stuck at VCC               ;
+--------+-------+----------+----------------------------+


+------------------------------------------------------------------------------------------------------------------------+
; Port Connectivity Checks: "DATAPATH:eu|MULTIPLIER:MULT"                                                                ;
+--------------+--------+----------+-------------------------------------------------------------------------------------+
; Port         ; Type   ; Severity ; Details                                                                             ;
+--------------+--------+----------+-------------------------------------------------------------------------------------+
; mult_out[39] ; Output ; Info     ; Connected to dangling logic. Logic that only feeds a dangling port will be removed. ;
+--------------+--------+----------+-------------------------------------------------------------------------------------+


+---------------------------------------------------------+
; Port Connectivity Checks: "DATAPATH:eu|MUX_3_TO_1:MUX2" ;
+-------------+-------+----------+------------------------+
; Port        ; Type  ; Severity ; Details                ;
+-------------+-------+----------+------------------------+
; in_2[18..0] ; Input ; Info     ; Stuck at GND           ;
; in_3[18..0] ; Input ; Info     ; Stuck at GND           ;
+-------------+-------+----------+------------------------+


+---------------------------------+
; Analysis & Elaboration Messages ;
+---------------------------------+
Info: *******************************************************************
Info: Running Quartus Prime Analysis & Elaboration
    Info: Version 20.1.0 Build 711 06/05/2020 SJ Lite Edition
    Info: Processing started: Sun Jan 17 14:21:29 2021
Info: Command: quartus_map --read_settings_files=on --write_settings_files=off BUTTERFLY_CORE -c BUTTERFLY_CORE --analysis_and_elaboration
Warning (18236): Number of processors has not been specified which may cause overloading on shared machines.  Set the global assignment NUM_PARALLEL_PROCESSORS in your QSF to an appropriate value for best performance.
Info (20030): Parallel compilation is enabled and will use 2 of the 2 processors detected
Info (12021): Found 2 design units, including 1 entities, in source file /users/luca fumarola/desktop/fft_16x16/src/urom.vhd
    Info (12022): Found design unit 1: uROM-BEHAVIOUR File: C:/Users/Luca Fumarola/Desktop/FFT_16X16/src/uROM.vhd Line: 11
    Info (12023): Found entity 1: uROM File: C:/Users/Luca Fumarola/Desktop/FFT_16X16/src/uROM.vhd Line: 4
Info (12021): Found 2 design units, including 1 entities, in source file /users/luca fumarola/desktop/fft_16x16/src/swap.vhd
    Info (12022): Found design unit 1: SWAP-BEHAVIOR File: C:/Users/Luca Fumarola/Desktop/FFT_16X16/src/SWAP.vhd Line: 14
    Info (12023): Found entity 1: SWAP File: C:/Users/Luca Fumarola/Desktop/FFT_16X16/src/SWAP.vhd Line: 5
Info (12021): Found 2 design units, including 1 entities, in source file /users/luca fumarola/desktop/fft_16x16/src/round_to_nearest_even.vhd
    Info (12022): Found design unit 1: ROUND_TO_NEAREST_EVEN-BEHAVIOR File: C:/Users/Luca Fumarola/Desktop/FFT_16X16/src/ROUND_TO_NEAREST_EVEN.vhd Line: 16
    Info (12023): Found entity 1: ROUND_TO_NEAREST_EVEN File: C:/Users/Luca Fumarola/Desktop/FFT_16X16/src/ROUND_TO_NEAREST_EVEN.vhd Line: 5
Info (12021): Found 2 design units, including 1 entities, in source file /users/luca fumarola/desktop/fft_16x16/src/reg_uir.vhd
    Info (12022): Found design unit 1: REG_uIR-BEHAVIOR File: C:/Users/Luca Fumarola/Desktop/FFT_16X16/src/REG_uIR.vhd Line: 12
    Info (12023): Found entity 1: REG_uIR File: C:/Users/Luca Fumarola/Desktop/FFT_16X16/src/REG_uIR.vhd Line: 4
Info (12021): Found 2 design units, including 1 entities, in source file /users/luca fumarola/desktop/fft_16x16/src/reg_uar.vhd
    Info (12022): Found design unit 1: REG_uAR-BEHAVIOR File: C:/Users/Luca Fumarola/Desktop/FFT_16X16/src/REG_uAR.vhd Line: 12
    Info (12023): Found entity 1: REG_uAR File: C:/Users/Luca Fumarola/Desktop/FFT_16X16/src/REG_uAR.vhd Line: 4
Info (12021): Found 2 design units, including 1 entities, in source file /users/luca fumarola/desktop/fft_16x16/src/reg.vhd
    Info (12022): Found design unit 1: REG-BEHAVIOR File: C:/Users/Luca Fumarola/Desktop/FFT_16X16/src/REG.vhd Line: 14
    Info (12023): Found entity 1: REG File: C:/Users/Luca Fumarola/Desktop/FFT_16X16/src/REG.vhd Line: 5
Info (12021): Found 2 design units, including 1 entities, in source file /users/luca fumarola/desktop/fft_16x16/src/mux_4_to_1.vhd
    Info (12022): Found design unit 1: MUX_4_TO_1-BEHAVIOR File: C:/Users/Luca Fumarola/Desktop/FFT_16X16/src/MUX_4_TO_1.vhd Line: 17
    Info (12023): Found entity 1: MUX_4_TO_1 File: C:/Users/Luca Fumarola/Desktop/FFT_16X16/src/MUX_4_TO_1.vhd Line: 5
Info (12021): Found 2 design units, including 1 entities, in source file /users/luca fumarola/desktop/fft_16x16/src/mux_3_to_1.vhd
    Info (12022): Found design unit 1: MUX_3_TO_1-BEHAVIOR File: C:/Users/Luca Fumarola/Desktop/FFT_16X16/src/MUX_3_TO_1.vhd Line: 16
    Info (12023): Found entity 1: MUX_3_TO_1 File: C:/Users/Luca Fumarola/Desktop/FFT_16X16/src/MUX_3_TO_1.vhd Line: 5
Info (12021): Found 2 design units, including 1 entities, in source file /users/luca fumarola/desktop/fft_16x16/src/mux_2_to_1_ir.vhd
    Info (12022): Found design unit 1: MUX_2_TO_1_IR-BEHAVIOR File: C:/Users/Luca Fumarola/Desktop/FFT_16X16/src/MUX_2_TO_1_IR.vhd Line: 14
    Info (12023): Found entity 1: MUX_2_TO_1_IR File: C:/Users/Luca Fumarola/Desktop/FFT_16X16/src/MUX_2_TO_1_IR.vhd Line: 4
Info (12021): Found 2 design units, including 1 entities, in source file /users/luca fumarola/desktop/fft_16x16/src/mux_2_to_1_1_bit.vhd
    Info (12022): Found design unit 1: MUX_2_TO_1_1_BIT-BEHAVIOR File: C:/Users/Luca Fumarola/Desktop/FFT_16X16/src/MUX_2_TO_1_1_BIT.vhd Line: 13
    Info (12023): Found entity 1: MUX_2_TO_1_1_BIT File: C:/Users/Luca Fumarola/Desktop/FFT_16X16/src/MUX_2_TO_1_1_BIT.vhd Line: 4
Info (12021): Found 2 design units, including 1 entities, in source file /users/luca fumarola/desktop/fft_16x16/src/mux_2_to_1.vhd
    Info (12022): Found design unit 1: MUX_2_TO_1-BEHAVIOR File: C:/Users/Luca Fumarola/Desktop/FFT_16X16/src/MUX_2_TO_1.vhd Line: 15
    Info (12023): Found entity 1: MUX_2_TO_1 File: C:/Users/Luca Fumarola/Desktop/FFT_16X16/src/MUX_2_TO_1.vhd Line: 5
Info (12021): Found 2 design units, including 1 entities, in source file /users/luca fumarola/desktop/fft_16x16/src/multiplier.vhd
    Info (12022): Found design unit 1: MULTIPLIER-BEHAVIOR File: C:/Users/Luca Fumarola/Desktop/FFT_16X16/src/MULTIPLIER.vhd Line: 17
    Info (12023): Found entity 1: MULTIPLIER File: C:/Users/Luca Fumarola/Desktop/FFT_16X16/src/MULTIPLIER.vhd Line: 5
Info (12021): Found 2 design units, including 1 entities, in source file /users/luca fumarola/desktop/fft_16x16/src/late_status.vhd
    Info (12022): Found design unit 1: LATE_STATUS-BEHAVIOUR File: C:/Users/Luca Fumarola/Desktop/FFT_16X16/src/LATE_STATUS.vhd Line: 13
    Info (12023): Found entity 1: LATE_STATUS File: C:/Users/Luca Fumarola/Desktop/FFT_16X16/src/LATE_STATUS.vhd Line: 4
Info (12021): Found 2 design units, including 1 entities, in source file /users/luca fumarola/desktop/fft_16x16/src/datapath.vhd
    Info (12022): Found design unit 1: DATAPATH-RTL File: C:/Users/Luca Fumarola/Desktop/FFT_16X16/src/DATAPATH.vhd Line: 38
    Info (12023): Found entity 1: DATAPATH File: C:/Users/Luca Fumarola/Desktop/FFT_16X16/src/DATAPATH.vhd Line: 5
Info (12021): Found 2 design units, including 1 entities, in source file /users/luca fumarola/desktop/fft_16x16/src/butterfly_core.vhd
    Info (12022): Found design unit 1: BUTTERFLY_CORE-RTL File: C:/Users/Luca Fumarola/Desktop/FFT_16X16/src/BUTTERFLY_CORE.vhd Line: 25
    Info (12023): Found entity 1: BUTTERFLY_CORE File: C:/Users/Luca Fumarola/Desktop/FFT_16X16/src/BUTTERFLY_CORE.vhd Line: 5
Info (12021): Found 2 design units, including 1 entities, in source file /users/luca fumarola/desktop/fft_16x16/src/adder_subtractor.vhd
    Info (12022): Found design unit 1: ADDER_SUBTRACTOR-BEHAVIOR File: C:/Users/Luca Fumarola/Desktop/FFT_16X16/src/ADDER_SUBTRACTOR.vhd Line: 17
    Info (12023): Found entity 1: ADDER_SUBTRACTOR File: C:/Users/Luca Fumarola/Desktop/FFT_16X16/src/ADDER_SUBTRACTOR.vhd Line: 5
Info (12127): Elaborating entity "BUTTERFLY_CORE" for the top level hierarchy
Info (12128): Elaborating entity "DATAPATH" for hierarchy "DATAPATH:eu" File: C:/Users/Luca Fumarola/Desktop/FFT_16X16/src/BUTTERFLY_CORE.vhd Line: 74
Info (12128): Elaborating entity "MUX_4_TO_1" for hierarchy "DATAPATH:eu|MUX_4_TO_1:MUX0" File: C:/Users/Luca Fumarola/Desktop/FFT_16X16/src/DATAPATH.vhd Line: 131
Info (12128): Elaborating entity "MUX_2_TO_1" for hierarchy "DATAPATH:eu|MUX_2_TO_1:MUX1" File: C:/Users/Luca Fumarola/Desktop/FFT_16X16/src/DATAPATH.vhd Line: 133
Info (12128): Elaborating entity "MUX_3_TO_1" for hierarchy "DATAPATH:eu|MUX_3_TO_1:MUX2" File: C:/Users/Luca Fumarola/Desktop/FFT_16X16/src/DATAPATH.vhd Line: 135
Info (12128): Elaborating entity "REG" for hierarchy "DATAPATH:eu|REG:REG_0" File: C:/Users/Luca Fumarola/Desktop/FFT_16X16/src/DATAPATH.vhd Line: 137
Info (12128): Elaborating entity "REG" for hierarchy "DATAPATH:eu|REG:REG_1" File: C:/Users/Luca Fumarola/Desktop/FFT_16X16/src/DATAPATH.vhd Line: 139
Info (12128): Elaborating entity "REG" for hierarchy "DATAPATH:eu|REG:REG_2" File: C:/Users/Luca Fumarola/Desktop/FFT_16X16/src/DATAPATH.vhd Line: 141
Info (12128): Elaborating entity "MULTIPLIER" for hierarchy "DATAPATH:eu|MULTIPLIER:MULT" File: C:/Users/Luca Fumarola/Desktop/FFT_16X16/src/DATAPATH.vhd Line: 153
Info (12128): Elaborating entity "SWAP" for hierarchy "DATAPATH:eu|SWAP:SWAP_BLOCK" File: C:/Users/Luca Fumarola/Desktop/FFT_16X16/src/DATAPATH.vhd Line: 155
Info (12128): Elaborating entity "ADDER_SUBTRACTOR" for hierarchy "DATAPATH:eu|ADDER_SUBTRACTOR:ADDER_SUB" File: C:/Users/Luca Fumarola/Desktop/FFT_16X16/src/DATAPATH.vhd Line: 157
Info (12128): Elaborating entity "ROUND_TO_NEAREST_EVEN" for hierarchy "DATAPATH:eu|ROUND_TO_NEAREST_EVEN:ROUNDING" File: C:/Users/Luca Fumarola/Desktop/FFT_16X16/src/DATAPATH.vhd Line: 159
Info (12128): Elaborating entity "LATE_STATUS" for hierarchy "LATE_STATUS:cu" File: C:/Users/Luca Fumarola/Desktop/FFT_16X16/src/BUTTERFLY_CORE.vhd Line: 80
Info (12128): Elaborating entity "REG_uAR" for hierarchy "LATE_STATUS:cu|REG_uAR:uAR" File: C:/Users/Luca Fumarola/Desktop/FFT_16X16/src/LATE_STATUS.vhd Line: 63
Info (12128): Elaborating entity "uROM" for hierarchy "LATE_STATUS:cu|uROM:TABLE" File: C:/Users/Luca Fumarola/Desktop/FFT_16X16/src/LATE_STATUS.vhd Line: 65
Info (12128): Elaborating entity "MUX_2_TO_1_IR" for hierarchy "LATE_STATUS:cu|MUX_2_TO_1_IR:MUX" File: C:/Users/Luca Fumarola/Desktop/FFT_16X16/src/LATE_STATUS.vhd Line: 70
Info (12128): Elaborating entity "REG_uIR" for hierarchy "LATE_STATUS:cu|REG_uIR:uIR" File: C:/Users/Luca Fumarola/Desktop/FFT_16X16/src/LATE_STATUS.vhd Line: 72
Info (12128): Elaborating entity "MUX_2_TO_1_1_BIT" for hierarchy "LATE_STATUS:cu|MUX_2_TO_1_1_BIT:STATUS_PLA" File: C:/Users/Luca Fumarola/Desktop/FFT_16X16/src/LATE_STATUS.vhd Line: 94
Info: Quartus Prime Analysis & Elaboration was successful. 0 errors, 1 warning
    Info: Peak virtual memory: 4832 megabytes
    Info: Processing ended: Sun Jan 17 14:21:39 2021
    Info: Elapsed time: 00:00:10
    Info: Total CPU time (on all processors): 00:00:20


